#
# A fatal error has been detected by the Java Runtime Environment:
#
#  EXCEPTION_ACCESS_VIOLATION (0xc0000005) at pc=0x00007fff097f5c40, pid=9796, tid=0x00000000000020cc
#
# JRE version: Java(TM) SE Runtime Environment (8.0_301-b09) (build 1.8.0_301-b09)
# Java VM: Java HotSpot(TM) 64-Bit Server VM (25.301-b09 mixed mode windows-amd64 compressed oops)
# Problematic frame:
# C  [nvd3dumx.dll+0x395c40]
#
# Failed to write core dump. Minidumps are not enabled by default on client versions of Windows
#
# If you would like to submit a bug report, please visit:
#   http://bugreport.java.com/bugreport/crash.jsp
# The crash happened outside the Java Virtual Machine in native code.
# See problematic frame for where to report the bug.
#

---------------  T H R E A D  ---------------

Current thread (0x000002117e60d000):  JavaThread "AWT-Windows" daemon [_thread_in_native, id=8396, stack(0x00000090afc00000,0x00000090afd00000)]

siginfo: ExceptionCode=0xc0000005, reading address 0xffffffffffffffff

Registers:
RAX=0x0000021100001600, RBX=0x0003364f0b9b49e0, RCX=0x0003364f0b9b4b30, RDX=0x0003364f0b9b49e0
RSP=0x00000090afcfa940, RBP=0x00007fff0a2d4290, RSI=0x0000021100019890, RDI=0x00000211000116e1
R8 =0x0000000000000008, R9 =0x0000000000000020, R10=0x0000021100011130, R11=0x0000000000000040
R12=0x000000000000001e, R13=0x000000000000000c, R14=0x00000211000116e2, R15=0x0000000000000055
RIP=0x00007fff097f5c40, EFLAGS=0x0000000000010206

Top of Stack: (sp=0x00000090afcfa940)
0x00000090afcfa940:   00007fff097e0c34 00007fff09627d40
0x00000090afcfa950:   00007fff0a2d5050 000002117ea80460
0x00000090afcfa960:   00007fff0a2d4290 0000021100019890
0x00000090afcfa970:   000002117ea809b0 0000000000000000
0x00000090afcfa980:   0000000000000000 0000000000000000
0x00000090afcfa990:   00000000000190c0 00000000000280b4
0x00000090afcfa9a0:   000002117ea75648 0000000000000000
0x00000090afcfa9b0:   000002117e91c350 000002117e98c930
0x00000090afcfa9c0:   000002117ea80460 00007fff0a71c330
0x00000090afcfa9d0:   00000090afcfaae0 00007fff095d2a04
0x00000090afcfa9e0:   0000021100000027 0000021100019890
0x00000090afcfa9f0:   0000021100000020 00007fff0a71c178
0x00000090afcfaa00:   000002117ea809b0 0000000000000000
0x00000090afcfaa10:   0000000000000000 0000000000000000
0x00000090afcfaa20:   00000000000190c0 00000000000280b4
0x00000090afcfaa30:   0000021100019190 00007fff097135de 

Instructions: (pc=0x00007fff097f5c40)
0x00007fff097f5c20:   48 8b c1 c3 cc cc cc cc cc cc cc cc cc cc cc cc
0x00007fff097f5c30:   48 8b c1 c3 cc cc cc cc cc cc cc cc cc cc cc cc
0x00007fff097f5c40:   48 8b 02 45 33 c0 48 89 01 48 8b 42 08 48 89 41
0x00007fff097f5c50:   08 8b 42 10 89 41 10 8b 42 14 89 41 14 8b 42 18 


Register to memory mapping:

RAX=0x0000021100001600 is an unknown value
RBX=0x0003364f0b9b49e0 is an unknown value
RCX=0x0003364f0b9b4b30 is an unknown value
RDX=0x0003364f0b9b49e0 is an unknown value
RSP=0x00000090afcfa940 is pointing into the stack for thread: 0x000002117e60d000
RBP=0x00007fff0a2d4290 is an unknown value
RSI=0x0000021100019890 is an unknown value
RDI=0x00000211000116e1 is an unknown value
R8 =0x0000000000000008 is an unknown value
R9 =0x0000000000000020 is an unknown value
R10=0x0000021100011130 is an unknown value
R11=0x0000000000000040 is an unknown value
R12=0x000000000000001e is an unknown value
R13=0x000000000000000c is an unknown value
R14=0x00000211000116e2 is an unknown value
R15=0x0000000000000055 is an unknown value


Stack: [0x00000090afc00000,0x00000090afd00000],  sp=0x00000090afcfa940,  free space=1002k
Native frames: (J=compiled Java code, j=interpreted, Vv=VM code, C=native code)
C  [nvd3dumx.dll+0x395c40]

Java frames: (J=compiled Java code, j=interpreted, Vv=VM code)
j  sun.java2d.d3d.D3DGraphicsDevice.getDeviceCapsNative(I)I+0
j  sun.java2d.d3d.D3DGraphicsDevice.access$000(I)I+1
j  sun.java2d.d3d.D3DGraphicsDevice$1.run()V+8
v  ~StubRoutines::call_stub
j  sun.awt.windows.WToolkit.eventLoop()V+0
j  sun.awt.windows.WToolkit.run()V+58
j  java.lang.Thread.run()V+11
v  ~StubRoutines::call_stub

---------------  P R O C E S S  ---------------

Java Threads: ( => current thread )
  0x000002117e91e800 JavaThread "DestroyJavaVM" [_thread_blocked, id=10112, stack(0x00000090aea00000,0x00000090aeb00000)]
  0x000002117e91d800 JavaThread "AWT-EventQueue-0" [_thread_in_native, id=4916, stack(0x00000090afd00000,0x00000090afe00000)]
=>0x000002117e60d000 JavaThread "AWT-Windows" daemon [_thread_in_native, id=8396, stack(0x00000090afc00000,0x00000090afd00000)]
  0x000002117e605800 JavaThread "AWT-Shutdown" [_thread_blocked, id=12132, stack(0x00000090afb00000,0x00000090afc00000)]
  0x000002117e605000 JavaThread "Java2D Disposer" daemon [_thread_blocked, id=5768, stack(0x00000090afa00000,0x00000090afb00000)]
  0x000002117df10000 JavaThread "Service Thread" daemon [_thread_blocked, id=12064, stack(0x00000090af800000,0x00000090af900000)]
  0x000002117df06800 JavaThread "C1 CompilerThread2" daemon [_thread_blocked, id=1676, stack(0x00000090af700000,0x00000090af800000)]
  0x000002117df03000 JavaThread "C2 CompilerThread1" daemon [_thread_blocked, id=8500, stack(0x00000090af600000,0x00000090af700000)]
  0x000002117ceaa000 JavaThread "C2 CompilerThread0" daemon [_thread_blocked, id=9660, stack(0x00000090af500000,0x00000090af600000)]
  0x000002117cea9000 JavaThread "Attach Listener" daemon [_thread_blocked, id=11276, stack(0x00000090af400000,0x00000090af500000)]
  0x000002117cea5800 JavaThread "Signal Dispatcher" daemon [_thread_blocked, id=9888, stack(0x00000090af300000,0x00000090af400000)]
  0x000002117ce36000 JavaThread "Finalizer" daemon [_thread_blocked, id=11456, stack(0x00000090af200000,0x00000090af300000)]
  0x000002117ce30800 JavaThread "Reference Handler" daemon [_thread_blocked, id=11508, stack(0x00000090af100000,0x00000090af200000)]

Other Threads:
  0x000002117cdfd800 VMThread [stack: 0x00000090af000000,0x00000090af100000] [id=6320]
  0x000002117df14800 WatcherThread [stack: 0x00000090af900000,0x00000090afa00000] [id=11080]

VM state:not at safepoint (normal execution)

VM Mutex/Monitor currently owned by a thread: None

heap address: 0x0000000080800000, size: 2040 MB, Compressed Oops mode: 32-bit
Narrow klass base: 0x0000000000000000, Narrow klass shift: 3
Compressed class space size: 1073741824 Address: 0x0000000100000000

Heap:
 PSYoungGen      total 38400K, used 7332K [0x00000000d5800000, 0x00000000d8280000, 0x0000000100000000)
  eden space 33280K, 22% used [0x00000000d5800000,0x00000000d5f29000,0x00000000d7880000)
  from space 5120K, 0% used [0x00000000d7d80000,0x00000000d7d80000,0x00000000d8280000)
  to   space 5120K, 0% used [0x00000000d7880000,0x00000000d7880000,0x00000000d7d80000)
 ParOldGen       total 87552K, used 0K [0x0000000080800000, 0x0000000085d80000, 0x00000000d5800000)
  object space 87552K, 0% used [0x0000000080800000,0x0000000080800000,0x0000000085d80000)
 Metaspace       used 8479K, capacity 8692K, committed 8960K, reserved 1056768K
  class space    used 1064K, capacity 1153K, committed 1280K, reserved 1048576K

Card table byte_map: [0x0000021177780000,0x0000021177b80000] byte_map_base: 0x000002117737c000

Marking Bits: (ParMarkBitMap*) 0x0000000062967fe0
 Begin Bits: [0x0000021177e30000, 0x0000021179e10000)
 End Bits:   [0x0000021179e10000, 0x000002117bdf0000)

Polling page: 0x0000021166aa0000

CodeCache: size=245760Kb used=1887Kb max_used=1887Kb free=243872Kb
 bounds [0x00000211683c0000, 0x0000021168630000, 0x00000211773c0000]
 total_blobs=760 nmethods=373 adapters=300
 compilation: enabled

Compilation events (10 events):
Event: 0.997 Thread 0x000002117df06800  369       3       java.util.AbstractSequentialList::<init> (5 bytes)
Event: 0.998 Thread 0x000002117df06800 nmethod 369 0x0000021168595590 code [0x0000021168595700, 0x0000021168595978]
Event: 0.999 Thread 0x000002117df06800  370       1       java.awt.Color::getRGB (5 bytes)
Event: 0.999 Thread 0x000002117df06800 nmethod 370 0x0000021168596310 code [0x0000021168596460, 0x0000021168596578]
Event: 0.999 Thread 0x000002117df06800  371       3       java.util.LinkedList$ListItr::hasNext (20 bytes)
Event: 0.999 Thread 0x000002117df06800 nmethod 371 0x00000211685965d0 code [0x0000021168596720, 0x00000211685968d8]
Event: 0.999 Thread 0x000002117df06800  372   !   3       sun.awt.AppContext::get (123 bytes)
Event: 1.000 Thread 0x000002117df06800 nmethod 372 0x0000021168596990 code [0x0000021168596b40, 0x0000021168597410]
Event: 1.003 Thread 0x000002117df06800  373       3       java.util.concurrent.ConcurrentHashMap$Node::<init> (26 bytes)
Event: 1.003 Thread 0x000002117df06800 nmethod 373 0x0000021168597a90 code [0x0000021168597be0, 0x0000021168597dd8]

GC Heap History (0 events):
No events

Deoptimization events (1 events):
Event: 0.640 Thread 0x0000021166788000 Uncommon trap: reason=unstable_if action=reinterpret pc=0x00000211684e4bf8 method=java.lang.String.hashCode()I @ 14

Classes redefined (0 events):
No events

Internal exceptions (10 events):
Event: 0.979 Thread 0x0000021166788000 Exception <a 'java/lang/ClassNotFoundException': ToolBar> (0x00000000d5d0ed40) thrown at [C:\jenkins\workspace\8-2-build-windows-amd64-cygwin\jdk8u301\1513\hotspot\src\share\vm\classfile\systemDictionary.cpp, line 212]
Event: 0.979 Thread 0x0000021166788000 Exception <a 'java/lang/ClassNotFoundException': ToggleButton> (0x00000000d5d0f2f0) thrown at [C:\jenkins\workspace\8-2-build-windows-amd64-cygwin\jdk8u301\1513\hotspot\src\share\vm\classfile\systemDictionary.cpp, line 212]
Event: 0.980 Thread 0x0000021166788000 Exception <a 'java/lang/ClassNotFoundException': javax/swing/JToolBarSeparator> (0x00000000d5d0f750) thrown at [C:\jenkins\workspace\8-2-build-windows-amd64-cygwin\jdk8u301\1513\hotspot\src\share\vm\classfile\systemDictionary.cpp, line 212]
Event: 0.980 Thread 0x0000021166788000 Exception <a 'java/lang/ClassNotFoundException': ToolBarSeparator> (0x00000000d5d0fbe8) thrown at [C:\jenkins\workspace\8-2-build-windows-amd64-cygwin\jdk8u301\1513\hotspot\src\share\vm\classfile\systemDictionary.cpp, line 212]
Event: 0.980 Thread 0x0000021166788000 Exception <a 'java/lang/ClassNotFoundException': ToolTip> (0x00000000d5d10328) thrown at [C:\jenkins\workspace\8-2-build-windows-amd64-cygwin\jdk8u301\1513\hotspot\src\share\vm\classfile\systemDictionary.cpp, line 212]
Event: 0.981 Thread 0x0000021166788000 Exception <a 'java/lang/ClassNotFoundException': Tree> (0x00000000d5d10f48) thrown at [C:\jenkins\workspace\8-2-build-windows-amd64-cygwin\jdk8u301\1513\hotspot\src\share\vm\classfile\systemDictionary.cpp, line 212]
Event: 0.981 Thread 0x0000021166788000 Exception <a 'java/lang/ClassNotFoundException': Tree> (0x00000000d5d11688) thrown at [C:\jenkins\workspace\8-2-build-windows-amd64-cygwin\jdk8u301\1513\hotspot\src\share\vm\classfile\systemDictionary.cpp, line 212]
Event: 0.981 Thread 0x0000021166788000 Exception <a 'java/lang/ClassNotFoundException': javax/swing/JTreeCell> (0x00000000d5d11a08) thrown at [C:\jenkins\workspace\8-2-build-windows-amd64-cygwin\jdk8u301\1513\hotspot\src\share\vm\classfile\systemDictionary.cpp, line 212]
Event: 0.981 Thread 0x0000021166788000 Exception <a 'java/lang/ClassNotFoundException': TreeCell> (0x00000000d5d11e90) thrown at [C:\jenkins\workspace\8-2-build-windows-amd64-cygwin\jdk8u301\1513\hotspot\src\share\vm\classfile\systemDictionary.cpp, line 212]
Event: 0.982 Thread 0x0000021166788000 Exception <a 'java/lang/ClassNotFoundException': RootPane> (0x00000000d5d128f0) thrown at [C:\jenkins\workspace\8-2-build-windows-amd64-cygwin\jdk8u301\1513\hotspot\src\share\vm\classfile\systemDictionary.cpp, line 212]

Events (10 events):
Event: 1.077 loading class sun/java2d/pipe/RenderQueue done
Event: 1.077 loading class sun/java2d/d3d/D3DRenderQueue done
Event: 1.077 loading class sun/java2d/pipe/RenderBuffer
Event: 1.077 loading class sun/java2d/pipe/RenderBuffer done
Event: 1.077 loading class sun/java2d/d3d/D3DRenderQueue$1
Event: 1.077 loading class sun/java2d/d3d/D3DRenderQueue$1 done
Event: 1.078 loading class sun/java2d/d3d/D3DGraphicsDevice$1Result
Event: 1.078 loading class sun/java2d/d3d/D3DGraphicsDevice$1Result done
Event: 1.078 loading class sun/java2d/d3d/D3DGraphicsDevice$1
Event: 1.078 loading class sun/java2d/d3d/D3DGraphicsDevice$1 done


Dynamic libraries:
0x00007ff69b7b0000 - 0x00007ff69b7f7000 	C:\Program Files\Java\jdk1.8.0_301\bin\java.exe
0x00007fff562d0000 - 0x00007fff564c5000 	C:\WINDOWS\SYSTEM32\ntdll.dll
0x00007fff55c20000 - 0x00007fff55cde000 	C:\WINDOWS\System32\KERNEL32.DLL
0x00007fff53d60000 - 0x00007fff54029000 	C:\WINDOWS\System32\KERNELBASE.dll
0x00007fff511d0000 - 0x00007fff51260000 	C:\WINDOWS\SYSTEM32\apphelp.dll
0x00007fff0ad10000 - 0x00007fff0b1a4000 	C:\WINDOWS\SYSTEM32\AcLayers.DLL
0x00007fff543a0000 - 0x00007fff5443e000 	C:\WINDOWS\System32\msvcrt.dll
0x00007fff54650000 - 0x00007fff547f1000 	C:\WINDOWS\System32\USER32.dll
0x00007fff541c0000 - 0x00007fff541e2000 	C:\WINDOWS\System32\win32u.dll
0x00007fff54eb0000 - 0x00007fff54edb000 	C:\WINDOWS\System32\GDI32.dll
0x00007fff53c50000 - 0x00007fff53d5b000 	C:\WINDOWS\System32\gdi32full.dll
0x00007fff54090000 - 0x00007fff5412d000 	C:\WINDOWS\System32\msvcp_win.dll
0x00007fff541f0000 - 0x00007fff542f0000 	C:\WINDOWS\System32\ucrtbase.dll
0x00007fff54440000 - 0x00007fff54495000 	C:\WINDOWS\System32\SHLWAPI.dll
0x00007fff55e20000 - 0x00007fff55ecc000 	C:\WINDOWS\System32\ADVAPI32.dll
0x00007fff55ed0000 - 0x00007fff55f6b000 	C:\WINDOWS\System32\sechost.dll
0x00007fff560d0000 - 0x00007fff561fa000 	C:\WINDOWS\System32\RPCRT4.dll
0x0000021166640000 - 0x0000021166643000 	C:\WINDOWS\SYSTEM32\sfc.dll
0x00007fff45070000 - 0x00007fff450ff000 	C:\WINDOWS\SYSTEM32\WINSPOOL.DRV
0x00007fff39f00000 - 0x00007fff39f12000 	C:\WINDOWS\SYSTEM32\sfc_os.DLL
0x00007fff26a20000 - 0x00007fff26a31000 	C:\WINDOWS\SYSTEM32\SortWindows61.dll
0x00007fff55f70000 - 0x00007fff55fa0000 	C:\WINDOWS\System32\IMM32.DLL
0x00007fff43cb0000 - 0x00007fff43f4a000 	C:\WINDOWS\WinSxS\amd64_microsoft.windows.common-controls_6595b64144ccf1df_6.0.19041.1110_none_60b5254171f9507e\COMCTL32.dll
0x00007fff23920000 - 0x00007fff23935000 	C:\Program Files\Java\jdk1.8.0_301\jre\bin\vcruntime140.dll
0x00007fff174e0000 - 0x00007fff1757b000 	C:\Program Files\Java\jdk1.8.0_301\jre\bin\msvcp140.dll
0x0000000062180000 - 0x00000000629e0000 	C:\Program Files\Java\jdk1.8.0_301\jre\bin\server\jvm.dll
0x00007fff54a40000 - 0x00007fff54a48000 	C:\WINDOWS\System32\PSAPI.DLL
0x00007fff39e30000 - 0x00007fff39e39000 	C:\WINDOWS\SYSTEM32\WSOCK32.dll
0x00007fff55aa0000 - 0x00007fff55b0b000 	C:\WINDOWS\System32\WS2_32.dll
0x00007fff46ff0000 - 0x00007fff47017000 	C:\WINDOWS\SYSTEM32\WINMM.dll
0x00007fff4cbc0000 - 0x00007fff4cbca000 	C:\WINDOWS\SYSTEM32\VERSION.dll
0x00007fff51910000 - 0x00007fff51922000 	C:\WINDOWS\SYSTEM32\kernel.appcore.dll
0x00007fff3a2b0000 - 0x00007fff3a2c0000 	C:\Program Files\Java\jdk1.8.0_301\jre\bin\verify.dll
0x00007fff1fa40000 - 0x00007fff1fa6b000 	C:\Program Files\Java\jdk1.8.0_301\jre\bin\java.dll
0x00007fff1f460000 - 0x00007fff1f478000 	C:\Program Files\Java\jdk1.8.0_301\jre\bin\zip.dll
0x00007fff54ee0000 - 0x00007fff5561f000 	C:\WINDOWS\System32\SHELL32.dll
0x00007fff51b10000 - 0x00007fff522a0000 	C:\WINDOWS\SYSTEM32\windows.storage.dll
0x00007fff54b20000 - 0x00007fff54e75000 	C:\WINDOWS\System32\combase.dll
0x00007fff53370000 - 0x00007fff5339c000 	C:\WINDOWS\SYSTEM32\Wldp.dll
0x00007fff55b70000 - 0x00007fff55c1e000 	C:\WINDOWS\System32\SHCORE.dll
0x00007fff53930000 - 0x00007fff5394f000 	C:\WINDOWS\SYSTEM32\profapi.dll
0x00007fff167c0000 - 0x00007fff16955000 	C:\Program Files\Java\jdk1.8.0_301\jre\bin\awt.dll
0x00007fff54a50000 - 0x00007fff54b1d000 	C:\WINDOWS\System32\OLEAUT32.dll
0x00007fff51450000 - 0x00007fff514ee000 	C:\WINDOWS\system32\uxtheme.dll
0x00007fff54860000 - 0x00007fff54975000 	C:\WINDOWS\System32\MSCTF.dll
0x0000000180000000 - 0x0000000180272000 	C:\Program Files (x86)\RivaTuner Statistics Server\RTSSHooks64.dll
0x00007fff55fa0000 - 0x00007fff560ca000 	C:\WINDOWS\System32\ole32.dll
0x00007fff54130000 - 0x00007fff541b3000 	C:\WINDOWS\System32\bcryptPrimitives.dll
0x00007fff51800000 - 0x00007fff5182f000 	C:\WINDOWS\system32\DWMAPI.DLL
0x00007fff19f00000 - 0x00007fff19f49000 	C:\Program Files\Java\jdk1.8.0_301\jre\bin\fontmanager.dll
0x00007fff159d0000 - 0x00007fff15af5000 	C:\WINDOWS\system32\opengl32.dll
0x00007fff1e0f0000 - 0x00007fff1e11c000 	C:\WINDOWS\SYSTEM32\GLU32.dll
0x00007fff4a100000 - 0x00007fff4a2ce000 	C:\WINDOWS\system32\d3d9.dll
0x00007fff47eb0000 - 0x00007fff47fb6000 	C:\WINDOWS\System32\DriverStore\FileRepository\nvmdsi.inf_amd64_85d9982a0f5189c2\nvldumdx.dll
0x00007fff53500000 - 0x00007fff53512000 	C:\WINDOWS\SYSTEM32\msasn1.dll
0x00007fff4ca60000 - 0x00007fff4ca91000 	C:\WINDOWS\SYSTEM32\cryptnet.dll
0x00007fff53a40000 - 0x00007fff53b96000 	C:\WINDOWS\System32\CRYPT32.dll
0x00007fff4aab0000 - 0x00007fff4abfa000 	C:\WINDOWS\SYSTEM32\drvstore.dll
0x00007fff536c0000 - 0x00007fff536f4000 	C:\WINDOWS\SYSTEM32\devobj.dll
0x00007fff539f0000 - 0x00007fff53a3e000 	C:\WINDOWS\System32\cfgmgr32.dll
0x00007fff532e0000 - 0x00007fff532ec000 	C:\WINDOWS\SYSTEM32\cryptbase.dll
0x00007fff54030000 - 0x00007fff54090000 	C:\WINDOWS\System32\WINTRUST.DLL
0x00007fff54e80000 - 0x00007fff54e9d000 	C:\WINDOWS\System32\imagehlp.dll
0x00007fff532c0000 - 0x00007fff532d8000 	C:\WINDOWS\SYSTEM32\CRYPTSP.dll
0x00007fff52a50000 - 0x00007fff52a84000 	C:\WINDOWS\system32\rsaenh.dll
0x00007fff542f0000 - 0x00007fff54317000 	C:\WINDOWS\System32\bcrypt.dll
0x00007fff09460000 - 0x00007fff0ad10000 	C:\WINDOWS\System32\DriverStore\FileRepository\nvmdsi.inf_amd64_85d9982a0f5189c2\nvd3dumx.dll
0x00007fff42ca0000 - 0x00007fff42e84000 	C:\WINDOWS\SYSTEM32\dbghelp.dll

VM Arguments:
jvm_args: -Dfile.encoding=UTF-8 
java_command: vista.FrmTrabajos
java_class_path (initial): C:\Program Files\55\NetBeans 8.1\ide\modules\ext\mysql-connector-java-5.1.23-bin.jar;C:\Users\Gabriel\Desktop\bibliotecas\AbsoluteLayout.jar;C:\Users\Gabriel\Desktop\bibliotecas\commons-beanutils-1.9.4.jar;C:\Users\Gabriel\Desktop\bibliotecas\commons-codec-1.10.jar;C:\Users\Gabriel\Desktop\bibliotecas\commons-collections4-4.1.jar;C:\Users\Gabriel\Desktop\bibliotecas\commons-digester-2.1.jar;C:\Users\Gabriel\Desktop\bibliotecas\commons-logging-1.2.jar;C:\Users\Gabriel\Desktop\bibliotecas\groovy-all-2.4.5.jar;C:\Users\Gabriel\Desktop\bibliotecas\itext-pdfa-5.5.4.jar;C:\Users\Gabriel\Desktop\bibliotecas\itextpdf-5.5.4.jar;C:\Users\Gabriel\Desktop\bibliotecas\jasperreports-6.11.0.jar;C:\Users\Gabriel\Desktop\bibliotecas\jfreechart-1.0.12.jar;C:\Users\Gabriel\Desktop\bibliotecas\junit-4.12.jar;C:\Users\Gabriel\Desktop\bibliotecas\log4j-1.2.17.jar;C:\Users\Gabriel\Desktop\bibliotecas\poi-3.16.jar;C:\Users\Gabriel\Desktop\bibliotecas\poi-excelant-3.16.jar;C:\Users\Gabriel\Desktop\bibliotecas\poi-ooxml-3.16.jar;C:\Users\Gabriel\Desktop\bibliotecas\poi-ooxml-schemas-3.16.jar;C:\Users\Gabriel\Desktop\bibliotecas\poi-scratchpad-3.16.jar;C:\Users\Gabriel\Desktop\bibliotecas\xmlbeans-2.6.0.jar;C:\Users\Gabriel\Downloads\mysql-connector-java-5.1.47.jar;C:\Users\Gabriel\Documents\NetBeansProjects\FlexSystem\build\classes
Launcher Type: SUN_STANDARD

Environment Variables:
JAVA_HOME=C:\Program Files\Java\jdk1.8.0_301
PATH=C:\Program Files (x86)\Common Files\Oracle\Java\javapath;C:\ProgramData\Oracle\Java\javapath;C:\WINDOWS\system32;C:\WINDOWS;C:\WINDOWS\System32\Wbem;C:\WINDOWS\System32\WindowsPowerShell\v1.0\;C:\WINDOWS\System32\OpenSSH\;C:\apache-tomcat-7.0.108\bin;C:\Program Files\Java\jdk1.8.0_301\bin;C:\Program Files\nodejs\;C:\Program Files\Git\cmd;C:\Program Files\Java\jdk1.8.0_301\bin;C:\Users\Gabriel\AppData\Local\Microsoft\WindowsApps;C:\Program Files\flutter\bin;C:\src\flutter\bin;C:\Program Files\Java\jdk1.8.0_301;C:\Users\Gabriel\AppData\Roaming\npm;C:\Users\Gabriel\AppData\Local\Programs\Microsoft VS Code\bin;
USERNAME=Gabriel
OS=Windows_NT
PROCESSOR_IDENTIFIER=Intel64 Family 6 Model 158 Stepping 9, GenuineIntel



---------------  S Y S T E M  ---------------

OS: Windows 10.0 , 64 bit Build 19041 (10.0.19041.1202)

CPU:total 4 (initial active 4) (2 cores per cpu, 2 threads per core) family 6 model 158 stepping 9, cmov, cx8, fxsr, mmx, sse, sse2, sse3, ssse3, sse4.1, sse4.2, popcnt, avx, avx2, aes, clmul, erms, 3dnowpref, lzcnt, ht, tsc, tscinvbit, bmi1, bmi2, adx

Memory: 4k page, physical 8353020k(1887692k free), swap 14906620k(6093576k free)

vm_info: Java HotSpot(TM) 64-Bit Server VM (25.301-b09) for windows-amd64 JRE (1.8.0_301-b09), built on Jun  9 2021 06:46:21 by "java_re" with MS VC++ 15.9 (VS2017)

time: Tue Nov  9 20:20:33 2021
timezone: Hora de verano de Paraguay
elapsed time: 1.124214 seconds (0d 0h 0m 1s)

