#
# A fatal error has been detected by the Java Runtime Environment:
#
#  EXCEPTION_ACCESS_VIOLATION (0xc0000005) at pc=0x00007fff08705c40, pid=6804, tid=0x00000000000018e0
#
# JRE version: Java(TM) SE Runtime Environment (8.0_301-b09) (build 1.8.0_301-b09)
# Java VM: Java HotSpot(TM) 64-Bit Server VM (25.301-b09 mixed mode windows-amd64 compressed oops)
# Problematic frame:
# C  [nvd3dumx.dll+0x395c40]
#
# Failed to write core dump. Minidumps are not enabled by default on client versions of Windows
#
# If you would like to submit a bug report, please visit:
#   http://bugreport.java.com/bugreport/crash.jsp
# The crash happened outside the Java Virtual Machine in native code.
# See problematic frame for where to report the bug.
#

---------------  T H R E A D  ---------------

Current thread (0x00000180a3175000):  JavaThread "AWT-Windows" daemon [_thread_in_native, id=6368, stack(0x0000003e3e600000,0x0000003e3e700000)]

siginfo: ExceptionCode=0xc0000005, reading address 0xffffffffffffffff

Registers:
RAX=0x00000180a367c000, RBX=0x000278d5829b7ee0, RCX=0x000278d5829b8030, RDX=0x000278d5829b7ee0
RSP=0x0000003e3e6fa720, RBP=0x00007fff091e4290, RSI=0x00000180a36942a0, RDI=0x00000180a368c0f1
R8 =0x0000000000000008, R9 =0x0000000000000020, R10=0x00000180a368bb40, R11=0x0000000000000040
R12=0x000000000000001e, R13=0x000000000000000c, R14=0x00000180a368c0f2, R15=0x0000000000000055
RIP=0x00007fff08705c40, EFLAGS=0x0000000000010206

Top of Stack: (sp=0x0000003e3e6fa720)
0x0000003e3e6fa720:   00007fff086f0c34 00007fff08537d40
0x0000003e3e6fa730:   00007fff091e5050 00000180a3675b10
0x0000003e3e6fa740:   00007fff091e4290 00000180a36942a0
0x0000003e3e6fa750:   00000180a3676060 0000000000000000
0x0000003e3e6fa760:   0000000000000000 0000000000000000
0x0000003e3e6fa770:   00000000000190c0 00000000000280b4
0x0000003e3e6fa780:   00000180a366acf8 0000000000000000
0x0000003e3e6fa790:   00000180a3517980 00000180a35c48b0
0x0000003e3e6fa7a0:   00000180a3675b10 00007fff0962c330
0x0000003e3e6fa7b0:   0000003e3e6fa8c0 00007fff084e2a04
0x0000003e3e6fa7c0:   0000018000000027 00000180a36942a0
0x0000003e3e6fa7d0:   0000018000000020 00007fff0962c178
0x0000003e3e6fa7e0:   00000180a3676060 0000000000000000
0x0000003e3e6fa7f0:   0000000000000000 0000000000000000
0x0000003e3e6fa800:   00000000000190c0 00000000000280b4
0x0000003e3e6fa810:   00000180a3693ba0 00007fff086235de 

Instructions: (pc=0x00007fff08705c40)
0x00007fff08705c20:   48 8b c1 c3 cc cc cc cc cc cc cc cc cc cc cc cc
0x00007fff08705c30:   48 8b c1 c3 cc cc cc cc cc cc cc cc cc cc cc cc
0x00007fff08705c40:   48 8b 02 45 33 c0 48 89 01 48 8b 42 08 48 89 41
0x00007fff08705c50:   08 8b 42 10 89 41 10 8b 42 14 89 41 14 8b 42 18 


Register to memory mapping:

RAX=0x00000180a367c000 is an unknown value
RBX=0x000278d5829b7ee0 is an unknown value
RCX=0x000278d5829b8030 is an unknown value
RDX=0x000278d5829b7ee0 is an unknown value
RSP=0x0000003e3e6fa720 is pointing into the stack for thread: 0x00000180a3175000
RBP=0x00007fff091e4290 is an unknown value
RSI=0x00000180a36942a0 is an unknown value
RDI=0x00000180a368c0f1 is an unknown value
R8 =0x0000000000000008 is an unknown value
R9 =0x0000000000000020 is an unknown value
R10=0x00000180a368bb40 is an unknown value
R11=0x0000000000000040 is an unknown value
R12=0x000000000000001e is an unknown value
R13=0x000000000000000c is an unknown value
R14=0x00000180a368c0f2 is an unknown value
R15=0x0000000000000055 is an unknown value


Stack: [0x0000003e3e600000,0x0000003e3e700000],  sp=0x0000003e3e6fa720,  free space=1001k
Native frames: (J=compiled Java code, j=interpreted, Vv=VM code, C=native code)
C  [nvd3dumx.dll+0x395c40]

Java frames: (J=compiled Java code, j=interpreted, Vv=VM code)
j  sun.java2d.d3d.D3DGraphicsDevice.getDeviceCapsNative(I)I+0
j  sun.java2d.d3d.D3DGraphicsDevice.access$000(I)I+1
j  sun.java2d.d3d.D3DGraphicsDevice$1.run()V+8
v  ~StubRoutines::call_stub
j  sun.awt.windows.WToolkit.eventLoop()V+0
j  sun.awt.windows.WToolkit.run()V+58
j  java.lang.Thread.run()V+11
v  ~StubRoutines::call_stub

---------------  P R O C E S S  ---------------

Java Threads: ( => current thread )
  0x00000180a347e800 JavaThread "DestroyJavaVM" [_thread_blocked, id=7500, stack(0x0000003e3d400000,0x0000003e3d500000)]
  0x00000180a3479000 JavaThread "AWT-EventQueue-0" [_thread_in_native, id=9332, stack(0x0000003e3e700000,0x0000003e3e800000)]
=>0x00000180a3175000 JavaThread "AWT-Windows" daemon [_thread_in_native, id=6368, stack(0x0000003e3e600000,0x0000003e3e700000)]
  0x00000180a3174000 JavaThread "AWT-Shutdown" [_thread_blocked, id=2480, stack(0x0000003e3e500000,0x0000003e3e600000)]
  0x00000180a3142800 JavaThread "Java2D Disposer" daemon [_thread_blocked, id=2704, stack(0x0000003e3e400000,0x0000003e3e500000)]
  0x00000180a29d0800 JavaThread "Service Thread" daemon [_thread_blocked, id=5764, stack(0x0000003e3e200000,0x0000003e3e300000)]
  0x00000180a193f800 JavaThread "C1 CompilerThread2" daemon [_thread_blocked, id=9688, stack(0x0000003e3e100000,0x0000003e3e200000)]
  0x00000180a1938800 JavaThread "C2 CompilerThread1" daemon [_thread_blocked, id=12136, stack(0x0000003e3e000000,0x0000003e3e100000)]
  0x00000180a1932000 JavaThread "C2 CompilerThread0" daemon [_thread_blocked, id=11552, stack(0x0000003e3df00000,0x0000003e3e000000)]
  0x00000180a192b800 JavaThread "Attach Listener" daemon [_thread_blocked, id=5304, stack(0x0000003e3de00000,0x0000003e3df00000)]
  0x00000180a192a800 JavaThread "Signal Dispatcher" daemon [_thread_blocked, id=2120, stack(0x0000003e3dd00000,0x0000003e3de00000)]
  0x00000180a18c7800 JavaThread "Finalizer" daemon [_thread_blocked, id=6864, stack(0x0000003e3dc00000,0x0000003e3dd00000)]
  0x00000180a18bf800 JavaThread "Reference Handler" daemon [_thread_blocked, id=3332, stack(0x0000003e3db00000,0x0000003e3dc00000)]

Other Threads:
  0x00000180a1888800 VMThread [stack: 0x0000003e3da00000,0x0000003e3db00000] [id=10628]
  0x00000180a299d800 WatcherThread [stack: 0x0000003e3e300000,0x0000003e3e400000] [id=2348]

VM state:not at safepoint (normal execution)

VM Mutex/Monitor currently owned by a thread: None

heap address: 0x0000000080800000, size: 2040 MB, Compressed Oops mode: 32-bit
Narrow klass base: 0x0000000000000000, Narrow klass shift: 3
Compressed class space size: 1073741824 Address: 0x0000000100000000

Heap:
 PSYoungGen      total 38400K, used 6656K [0x00000000d5800000, 0x00000000d8280000, 0x0000000100000000)
  eden space 33280K, 20% used [0x00000000d5800000,0x00000000d5e80360,0x00000000d7880000)
  from space 5120K, 0% used [0x00000000d7d80000,0x00000000d7d80000,0x00000000d8280000)
  to   space 5120K, 0% used [0x00000000d7880000,0x00000000d7880000,0x00000000d7d80000)
 ParOldGen       total 87552K, used 0K [0x0000000080800000, 0x0000000085d80000, 0x00000000d5800000)
  object space 87552K, 0% used [0x0000000080800000,0x0000000080800000,0x0000000085d80000)
 Metaspace       used 8433K, capacity 8640K, committed 8960K, reserved 1056768K
  class space    used 1063K, capacity 1153K, committed 1280K, reserved 1048576K

Card table byte_map: [0x000001809c1f0000,0x000001809c5f0000] byte_map_base: 0x000001809bdec000

Marking Bits: (ParMarkBitMap*) 0x00000000617d7fe0
 Begin Bits: [0x000001809c8a0000, 0x000001809e880000)
 End Bits:   [0x000001809e880000, 0x00000180a0860000)

Polling page: 0x000001808b280000

CodeCache: size=245760Kb used=1753Kb max_used=1753Kb free=244006Kb
 bounds [0x000001808ce30000, 0x000001808d0a0000, 0x000001809be30000]
 total_blobs=714 nmethods=327 adapters=300
 compilation: enabled

Compilation events (10 events):
Event: 0.372 Thread 0x00000180a193f800  323       3       javax.swing.plaf.nimbus.NimbusDefaults$LazyPainter::<init> (51 bytes)
Event: 0.372 Thread 0x00000180a193f800 nmethod 323 0x000001808cfe4190 code [0x000001808cfe4320, 0x000001808cfe46e0]
Event: 0.372 Thread 0x00000180a193f800  324       3       javax.swing.plaf.nimbus.AbstractRegionPainter$PaintContext::<init> (281 bytes)
Event: 0.373 Thread 0x00000180a193f800 nmethod 324 0x000001808cfe48d0 code [0x000001808cfe4aa0, 0x000001808cfe51b0]
Event: 0.374 Thread 0x00000180a193f800  326       3       java.util.LinkedList$ListItr::hasNext (20 bytes)
Event: 0.374 Thread 0x00000180a193f800 nmethod 326 0x000001808cfe5c10 code [0x000001808cfe5d60, 0x000001808cfe5f18]
Event: 0.374 Thread 0x00000180a193f800  325       1       java.awt.Color::getRGB (5 bytes)
Event: 0.374 Thread 0x00000180a193f800 nmethod 325 0x000001808cfe5fd0 code [0x000001808cfe6120, 0x000001808cfe6238]
Event: 0.375 Thread 0x00000180a193f800  327       3       java.util.concurrent.ConcurrentHashMap::casTabAt (20 bytes)
Event: 0.376 Thread 0x00000180a193f800 nmethod 327 0x000001808cfe6290 code [0x000001808cfe63e0, 0x000001808cfe6558]

GC Heap History (0 events):
No events

Deoptimization events (1 events):
Event: 0.130 Thread 0x000001808b352000 Uncommon trap: reason=unstable_if action=reinterpret pc=0x000001808cf559b8 method=java.lang.String.hashCode()I @ 14

Classes redefined (0 events):
No events

Internal exceptions (10 events):
Event: 0.359 Thread 0x000001808b352000 Exception <a 'java/lang/ClassNotFoundException': ToolBar> (0x00000000d5c917d8) thrown at [C:\jenkins\workspace\8-2-build-windows-amd64-cygwin\jdk8u301\1513\hotspot\src\share\vm\classfile\systemDictionary.cpp, line 212]
Event: 0.359 Thread 0x000001808b352000 Exception <a 'java/lang/ClassNotFoundException': ToggleButton> (0x00000000d5c91d88) thrown at [C:\jenkins\workspace\8-2-build-windows-amd64-cygwin\jdk8u301\1513\hotspot\src\share\vm\classfile\systemDictionary.cpp, line 212]
Event: 0.359 Thread 0x000001808b352000 Exception <a 'java/lang/ClassNotFoundException': javax/swing/JToolBarSeparator> (0x00000000d5c921e8) thrown at [C:\jenkins\workspace\8-2-build-windows-amd64-cygwin\jdk8u301\1513\hotspot\src\share\vm\classfile\systemDictionary.cpp, line 212]
Event: 0.359 Thread 0x000001808b352000 Exception <a 'java/lang/ClassNotFoundException': ToolBarSeparator> (0x00000000d5c92680) thrown at [C:\jenkins\workspace\8-2-build-windows-amd64-cygwin\jdk8u301\1513\hotspot\src\share\vm\classfile\systemDictionary.cpp, line 212]
Event: 0.360 Thread 0x000001808b352000 Exception <a 'java/lang/ClassNotFoundException': ToolTip> (0x00000000d5c92dc0) thrown at [C:\jenkins\workspace\8-2-build-windows-amd64-cygwin\jdk8u301\1513\hotspot\src\share\vm\classfile\systemDictionary.cpp, line 212]
Event: 0.360 Thread 0x000001808b352000 Exception <a 'java/lang/ClassNotFoundException': Tree> (0x00000000d5c939e0) thrown at [C:\jenkins\workspace\8-2-build-windows-amd64-cygwin\jdk8u301\1513\hotspot\src\share\vm\classfile\systemDictionary.cpp, line 212]
Event: 0.360 Thread 0x000001808b352000 Exception <a 'java/lang/ClassNotFoundException': Tree> (0x00000000d5c94120) thrown at [C:\jenkins\workspace\8-2-build-windows-amd64-cygwin\jdk8u301\1513\hotspot\src\share\vm\classfile\systemDictionary.cpp, line 212]
Event: 0.360 Thread 0x000001808b352000 Exception <a 'java/lang/ClassNotFoundException': javax/swing/JTreeCell> (0x00000000d5c944a0) thrown at [C:\jenkins\workspace\8-2-build-windows-amd64-cygwin\jdk8u301\1513\hotspot\src\share\vm\classfile\systemDictionary.cpp, line 212]
Event: 0.360 Thread 0x000001808b352000 Exception <a 'java/lang/ClassNotFoundException': TreeCell> (0x00000000d5c94928) thrown at [C:\jenkins\workspace\8-2-build-windows-amd64-cygwin\jdk8u301\1513\hotspot\src\share\vm\classfile\systemDictionary.cpp, line 212]
Event: 0.361 Thread 0x000001808b352000 Exception <a 'java/lang/ClassNotFoundException': RootPane> (0x00000000d5c95388) thrown at [C:\jenkins\workspace\8-2-build-windows-amd64-cygwin\jdk8u301\1513\hotspot\src\share\vm\classfile\systemDictionary.cpp, line 212]

Events (10 events):
Event: 0.434 loading class sun/java2d/pipe/RenderQueue done
Event: 0.434 loading class sun/java2d/d3d/D3DRenderQueue done
Event: 0.434 loading class sun/java2d/pipe/RenderBuffer
Event: 0.434 loading class sun/java2d/pipe/RenderBuffer done
Event: 0.434 loading class sun/java2d/d3d/D3DRenderQueue$1
Event: 0.434 loading class sun/java2d/d3d/D3DRenderQueue$1 done
Event: 0.434 loading class sun/java2d/d3d/D3DGraphicsDevice$1Result
Event: 0.435 loading class sun/java2d/d3d/D3DGraphicsDevice$1Result done
Event: 0.435 loading class sun/java2d/d3d/D3DGraphicsDevice$1
Event: 0.435 loading class sun/java2d/d3d/D3DGraphicsDevice$1 done


Dynamic libraries:
0x00007ff66aec0000 - 0x00007ff66af07000 	C:\Program Files\Java\jdk1.8.0_301\bin\java.exe
0x00007fff562d0000 - 0x00007fff564c5000 	C:\WINDOWS\SYSTEM32\ntdll.dll
0x00007fff55c20000 - 0x00007fff55cde000 	C:\WINDOWS\System32\KERNEL32.DLL
0x00007fff53d60000 - 0x00007fff54029000 	C:\WINDOWS\System32\KERNELBASE.dll
0x00007fff511d0000 - 0x00007fff51260000 	C:\WINDOWS\SYSTEM32\apphelp.dll
0x00007fff0ad10000 - 0x00007fff0b1a4000 	C:\WINDOWS\SYSTEM32\AcLayers.DLL
0x00007fff543a0000 - 0x00007fff5443e000 	C:\WINDOWS\System32\msvcrt.dll
0x00007fff54650000 - 0x00007fff547f1000 	C:\WINDOWS\System32\USER32.dll
0x00007fff541c0000 - 0x00007fff541e2000 	C:\WINDOWS\System32\win32u.dll
0x00007fff54eb0000 - 0x00007fff54edb000 	C:\WINDOWS\System32\GDI32.dll
0x00007fff53c50000 - 0x00007fff53d5b000 	C:\WINDOWS\System32\gdi32full.dll
0x00007fff54090000 - 0x00007fff5412d000 	C:\WINDOWS\System32\msvcp_win.dll
0x00007fff541f0000 - 0x00007fff542f0000 	C:\WINDOWS\System32\ucrtbase.dll
0x00007fff54440000 - 0x00007fff54495000 	C:\WINDOWS\System32\SHLWAPI.dll
0x00007fff55e20000 - 0x00007fff55ecc000 	C:\WINDOWS\System32\ADVAPI32.dll
0x00007fff55ed0000 - 0x00007fff55f6b000 	C:\WINDOWS\System32\sechost.dll
0x00007fff560d0000 - 0x00007fff561fa000 	C:\WINDOWS\System32\RPCRT4.dll
0x000001808b0b0000 - 0x000001808b0b3000 	C:\WINDOWS\SYSTEM32\sfc.dll
0x00007fff45070000 - 0x00007fff450ff000 	C:\WINDOWS\SYSTEM32\WINSPOOL.DRV
0x00007fff39f00000 - 0x00007fff39f12000 	C:\WINDOWS\SYSTEM32\sfc_os.DLL
0x00007fff438f0000 - 0x00007fff43901000 	C:\WINDOWS\SYSTEM32\SortWindows61.dll
0x00007fff55f70000 - 0x00007fff55fa0000 	C:\WINDOWS\System32\IMM32.DLL
0x00007fff43cb0000 - 0x00007fff43f4a000 	C:\WINDOWS\WinSxS\amd64_microsoft.windows.common-controls_6595b64144ccf1df_6.0.19041.1110_none_60b5254171f9507e\COMCTL32.dll
0x00007fff437c0000 - 0x00007fff437d5000 	C:\Program Files\Java\jdk1.8.0_301\jre\bin\vcruntime140.dll
0x00007fff3ae80000 - 0x00007fff3af1b000 	C:\Program Files\Java\jdk1.8.0_301\jre\bin\msvcp140.dll
0x0000000060ff0000 - 0x0000000061850000 	C:\Program Files\Java\jdk1.8.0_301\jre\bin\server\jvm.dll
0x00007fff54a40000 - 0x00007fff54a48000 	C:\WINDOWS\System32\PSAPI.DLL
0x00007fff39e30000 - 0x00007fff39e39000 	C:\WINDOWS\SYSTEM32\WSOCK32.dll
0x00007fff55aa0000 - 0x00007fff55b0b000 	C:\WINDOWS\System32\WS2_32.dll
0x00007fff46ff0000 - 0x00007fff47017000 	C:\WINDOWS\SYSTEM32\WINMM.dll
0x00007fff4cbc0000 - 0x00007fff4cbca000 	C:\WINDOWS\SYSTEM32\VERSION.dll
0x00007fff51910000 - 0x00007fff51922000 	C:\WINDOWS\SYSTEM32\kernel.appcore.dll
0x00007fff41f80000 - 0x00007fff41f90000 	C:\Program Files\Java\jdk1.8.0_301\jre\bin\verify.dll
0x00007fff39660000 - 0x00007fff3968b000 	C:\Program Files\Java\jdk1.8.0_301\jre\bin\java.dll
0x00007fff41f60000 - 0x00007fff41f78000 	C:\Program Files\Java\jdk1.8.0_301\jre\bin\zip.dll
0x00007fff54ee0000 - 0x00007fff5561f000 	C:\WINDOWS\System32\SHELL32.dll
0x00007fff51b10000 - 0x00007fff522a0000 	C:\WINDOWS\SYSTEM32\windows.storage.dll
0x00007fff54b20000 - 0x00007fff54e75000 	C:\WINDOWS\System32\combase.dll
0x00007fff53370000 - 0x00007fff5339c000 	C:\WINDOWS\SYSTEM32\Wldp.dll
0x00007fff55b70000 - 0x00007fff55c1e000 	C:\WINDOWS\System32\SHCORE.dll
0x00007fff53930000 - 0x00007fff5394f000 	C:\WINDOWS\SYSTEM32\profapi.dll
0x00007fff17480000 - 0x00007fff17615000 	C:\Program Files\Java\jdk1.8.0_301\jre\bin\awt.dll
0x00007fff54a50000 - 0x00007fff54b1d000 	C:\WINDOWS\System32\OLEAUT32.dll
0x00007fff51450000 - 0x00007fff514ee000 	C:\WINDOWS\system32\uxtheme.dll
0x00007fff54860000 - 0x00007fff54975000 	C:\WINDOWS\System32\MSCTF.dll
0x0000000180000000 - 0x0000000180272000 	C:\Program Files (x86)\RivaTuner Statistics Server\RTSSHooks64.dll
0x00007fff55fa0000 - 0x00007fff560ca000 	C:\WINDOWS\System32\ole32.dll
0x00007fff54130000 - 0x00007fff541b3000 	C:\WINDOWS\System32\bcryptPrimitives.dll
0x00007fff51800000 - 0x00007fff5182f000 	C:\WINDOWS\system32\DWMAPI.DLL
0x00007fff2eed0000 - 0x00007fff2ef19000 	C:\Program Files\Java\jdk1.8.0_301\jre\bin\fontmanager.dll
0x00007fff16830000 - 0x00007fff16955000 	C:\WINDOWS\system32\opengl32.dll
0x00007fff41f90000 - 0x00007fff41fbc000 	C:\WINDOWS\SYSTEM32\GLU32.dll
0x00007fff4a100000 - 0x00007fff4a2ce000 	C:\WINDOWS\system32\d3d9.dll
0x00007fff47eb0000 - 0x00007fff47fb6000 	C:\WINDOWS\System32\DriverStore\FileRepository\nvmdsi.inf_amd64_85d9982a0f5189c2\nvldumdx.dll
0x00007fff53500000 - 0x00007fff53512000 	C:\WINDOWS\SYSTEM32\msasn1.dll
0x00007fff4ca60000 - 0x00007fff4ca91000 	C:\WINDOWS\SYSTEM32\cryptnet.dll
0x00007fff53a40000 - 0x00007fff53b96000 	C:\WINDOWS\System32\CRYPT32.dll
0x00007fff4aab0000 - 0x00007fff4abfa000 	C:\WINDOWS\SYSTEM32\drvstore.dll
0x00007fff536c0000 - 0x00007fff536f4000 	C:\WINDOWS\SYSTEM32\devobj.dll
0x00007fff539f0000 - 0x00007fff53a3e000 	C:\WINDOWS\System32\cfgmgr32.dll
0x00007fff532e0000 - 0x00007fff532ec000 	C:\WINDOWS\SYSTEM32\cryptbase.dll
0x00007fff54030000 - 0x00007fff54090000 	C:\WINDOWS\System32\WINTRUST.DLL
0x00007fff54e80000 - 0x00007fff54e9d000 	C:\WINDOWS\System32\imagehlp.dll
0x00007fff532c0000 - 0x00007fff532d8000 	C:\WINDOWS\SYSTEM32\CRYPTSP.dll
0x00007fff52a50000 - 0x00007fff52a84000 	C:\WINDOWS\system32\rsaenh.dll
0x00007fff542f0000 - 0x00007fff54317000 	C:\WINDOWS\System32\bcrypt.dll
0x00007fff08370000 - 0x00007fff09c20000 	C:\WINDOWS\System32\DriverStore\FileRepository\nvmdsi.inf_amd64_85d9982a0f5189c2\nvd3dumx.dll
0x00007fff42ca0000 - 0x00007fff42e84000 	C:\WINDOWS\SYSTEM32\dbghelp.dll

VM Arguments:
jvm_args: -Dfile.encoding=UTF-8 
java_command: vista.FrmInicioSesion
java_class_path (initial): C:\Users\Gabriel\Desktop\NetBeans_JavaSE_8.0_Portable\App\netbeans\ide\modules\ext\mysql-connector-java-5.1.23-bin.jar;C:\Users\Gabriel\Desktop\bibliotecas\AbsoluteLayout.jar;C:\Users\Gabriel\Desktop\bibliotecas\commons-beanutils-1.9.4.jar;C:\Users\Gabriel\Desktop\bibliotecas\commons-codec-1.10.jar;C:\Users\Gabriel\Desktop\bibliotecas\commons-collections4-4.1.jar;C:\Users\Gabriel\Desktop\bibliotecas\commons-digester-2.1.jar;C:\Users\Gabriel\Desktop\bibliotecas\commons-logging-1.2.jar;C:\Users\Gabriel\Desktop\bibliotecas\groovy-all-2.4.5.jar;C:\Users\Gabriel\Desktop\bibliotecas\itext-pdfa-5.5.4.jar;C:\Users\Gabriel\Desktop\bibliotecas\itextpdf-5.5.4.jar;C:\Users\Gabriel\Desktop\bibliotecas\jasperreports-6.11.0.jar;C:\Users\Gabriel\Desktop\bibliotecas\jfreechart-1.0.12.jar;C:\Users\Gabriel\Desktop\bibliotecas\junit-4.12.jar;C:\Users\Gabriel\Desktop\bibliotecas\log4j-1.2.17.jar;C:\Users\Gabriel\Desktop\bibliotecas\poi-3.16.jar;C:\Users\Gabriel\Desktop\bibliotecas\poi-excelant-3.16.jar;C:\Users\Gabriel\Desktop\bibliotecas\poi-ooxml-3.16.jar;C:\Users\Gabriel\Desktop\bibliotecas\poi-ooxml-schemas-3.16.jar;C:\Users\Gabriel\Desktop\bibliotecas\poi-scratchpad-3.16.jar;C:\Users\Gabriel\Desktop\bibliotecas\xmlbeans-2.6.0.jar;C:\Users\Gabriel\Downloads\mysql-connector-java-5.1.47.jar;C:\Users\Gabriel\Documents\NetBeansProjects\FlexSystem\build\classes
Launcher Type: SUN_STANDARD

Environment Variables:
JAVA_HOME=C:\Program Files\Java\jdk1.8.0_301
PATH=C:\Program Files (x86)\Common Files\Oracle\Java\javapath;C:\ProgramData\Oracle\Java\javapath;C:\WINDOWS\system32;C:\WINDOWS;C:\WINDOWS\System32\Wbem;C:\WINDOWS\System32\WindowsPowerShell\v1.0\;C:\WINDOWS\System32\OpenSSH\;C:\apache-tomcat-7.0.108\bin;C:\Program Files\Java\jdk1.8.0_301\bin;C:\Program Files\nodejs\;C:\Program Files\Git\cmd;C:\Program Files\Java\jdk1.8.0_301\bin;C:\Users\Gabriel\AppData\Local\Microsoft\WindowsApps;C:\Program Files\flutter\bin;C:\src\flutter\bin;C:\Program Files\Java\jdk1.8.0_301;C:\Users\Gabriel\AppData\Roaming\npm;C:\Users\Gabriel\AppData\Local\Programs\Microsoft VS Code\bin;
USERNAME=Gabriel
OS=Windows_NT
PROCESSOR_IDENTIFIER=Intel64 Family 6 Model 158 Stepping 9, GenuineIntel



---------------  S Y S T E M  ---------------

OS: Windows 10.0 , 64 bit Build 19041 (10.0.19041.1202)

CPU:total 4 (initial active 4) (2 cores per cpu, 2 threads per core) family 6 model 158 stepping 9, cmov, cx8, fxsr, mmx, sse, sse2, sse3, ssse3, sse4.1, sse4.2, popcnt, avx, avx2, aes, clmul, erms, 3dnowpref, lzcnt, ht, tsc, tscinvbit, bmi1, bmi2, adx

Memory: 4k page, physical 8353020k(4438488k free), swap 14906620k(8127484k free)

vm_info: Java HotSpot(TM) 64-Bit Server VM (25.301-b09) for windows-amd64 JRE (1.8.0_301-b09), built on Jun  9 2021 06:46:21 by "java_re" with MS VC++ 15.9 (VS2017)

time: Tue Nov  9 20:55:02 2021
timezone: Hora de verano de Paraguay
elapsed time: 0.485216 seconds (0d 0h 0m 0s)

